<?xml version="1.0" encoding="UTF-8"?>
<testsuite xmlns:xsi="http://www.w3.org/2001/XMLSchema-instance" xsi:noNamespaceSchemaLocation="https://maven.apache.org/surefire/maven-surefire-plugin/xsd/surefire-test-report-3.0.xsd" version="3.0" name="me.yushi.inventorymanagementsystem.model.InventoryTransactionTest" time="0.006" tests="10" errors="0" skipped="0" failures="0">
  <properties>
[...]
</properties>
  <testcase name="testGetTransactionID" classname="me.yushi.inventorymanagementsystem.model.InventoryTransactionTest" time="0.0"/>
  <testcase name="testGetTransactionType" classname="me.yushi.inventorymanagementsystem.model.InventoryTransactionTest" time="0.0"/>
  <testcase name="testGetDate" classname="me.yushi.inventorymanagementsystem.model.InventoryTransactionTest" time="0.003"/>
  <testcase name="testGetProductID" classname="me.yushi.inventorymanagementsystem.model.InventoryTransactionTest" time="0.0"/>
  <testcase name="testSetTransactionType" classname="me.yushi.inventorymanagementsystem.model.InventoryTransactionTest" time="0.0"/>
  <testcase name="testSetQuantity" classname="me.yushi.inventorymanagementsystem.model.InventoryTransactionTest" time="0.0"/>
  <testcase name="testGetQuantity" classname="me.yushi.inventorymanagementsystem.model.InventoryTransactionTest" time="0.0"/>
  <testcase name="testSetTransactionID" classname="me.yushi.inventorymanagementsystem.model.InventoryTransactionTest" time="0.0"/>
  <testcase name="testSetProductID" classname="me.yushi.inventorymanagementsystem.model.InventoryTransactionTest" time="0.0"/>
  <testcase name="testSetDate" classname="me.yushi.inventorymanagementsystem.model.InventoryTransactionTest" time="0.0"/>
</testsuite>