<?xml version="1.0" encoding="UTF-8"?>
<testsuite xmlns:xsi="http://www.w3.org/2001/XMLSchema-instance" xsi:noNamespaceSchemaLocation="https://maven.apache.org/surefire/maven-surefire-plugin/xsd/surefire-test-report-3.0.xsd" version="3.0" name="me.yushi.inventorymanagementsystem.model.CategoryTest" time="0.001" tests="4" errors="0" skipped="0" failures="0">
  <properties>
[...]
</properties>
  <testcase name="testSetCategoryName" classname="me.yushi.inventorymanagementsystem.model.CategoryTest" time="0.0"/>
  <testcase name="testGetCategoryID" classname="me.yushi.inventorymanagementsystem.model.CategoryTest" time="0.0"/>
  <testcase name="testSetCategoryID" classname="me.yushi.inventorymanagementsystem.model.CategoryTest" time="0.0"/>
  <testcase name="testGetCategoryName" classname="me.yushi.inventorymanagementsystem.model.CategoryTest" time="0.0"/>
</testsuite>